aclocal...
autoheader...
automake...
configure.ac:10: installing './compile'
configure.ac:5: installing './config.guess'
configure.ac:5: installing './config.sub'
configure.ac:7: installing './install-sh'
configure.ac:7: installing './missing'
Makefile.am:60: warning: source file 'vendor/mcmc/mcmc.c' is in a subdirectory,
Makefile.am:60: but option 'subdir-objects' is disabled
automake: warning: possible forward-incompatibility.
automake: At least one source file is in a subdirectory, but the 'subdir-objects'
automake: automake option hasn't been enabled.  For now, the corresponding output
automake: object file(s) will be placed in the top-level directory.  However, this
automake: behavior may change in a future Automake major version, with object
automake: files being placed in the same subdirectory as the corresponding sources.
automake: You are advised to start using 'subdir-objects' option throughout your
automake: project, to avoid future incompatibilities.
Makefile.am: installing './depcomp'
autoconf...
configure.ac:8: warning: 'AM_CONFIG_HEADER': this macro is obsolete.
configure.ac:8: You should use the 'AC_CONFIG_HEADERS' macro instead.
./lib/autoconf/general.m4:2434: AC_DIAGNOSE is expanded from...
aclocal.m4:1089: AM_CONFIG_HEADER is expanded from...
configure.ac:8: the top level
configure.ac:190: warning: The macro `AC_TRY_COMPILE' is obsolete.
configure.ac:190: You should run autoupdate.
./lib/autoconf/general.m4:2847: AC_TRY_COMPILE is expanded from...
lib/m4sugar/m4sh.m4:692: _AS_IF_ELSE is expanded from...
lib/m4sugar/m4sh.m4:699: AS_IF is expanded from...
./lib/autoconf/general.m4:2249: AC_CACHE_VAL is expanded from...
./lib/autoconf/general.m4:2270: AC_CACHE_CHECK is expanded from...
configure.ac:147: AC_C_DETECT_SASL_CB_GETCONF is expanded from...
configure.ac:190: the top level
configure.ac:191: warning: The macro `AC_TRY_COMPILE' is obsolete.
configure.ac:191: You should run autoupdate.
./lib/autoconf/general.m4:2847: AC_TRY_COMPILE is expanded from...
lib/m4sugar/m4sh.m4:692: _AS_IF_ELSE is expanded from...
lib/m4sugar/m4sh.m4:699: AS_IF is expanded from...
./lib/autoconf/general.m4:2249: AC_CACHE_VAL is expanded from...
./lib/autoconf/general.m4:2270: AC_CACHE_CHECK is expanded from...
configure.ac:170: AC_C_DETECT_SASL_CB_GETCONFPATH is expanded from...
configure.ac:191: the top level
configure.ac:377: warning: The macro `AC_TRY_LINK' is obsolete.
configure.ac:377: You should run autoupdate.
./lib/autoconf/general.m4:2920: AC_TRY_LINK is expanded from...
lib/m4sugar/m4sh.m4:692: _AS_IF_ELSE is expanded from...
lib/m4sugar/m4sh.m4:699: AS_IF is expanded from...
./lib/autoconf/general.m4:2249: AC_CACHE_VAL is expanded from...
./lib/autoconf/general.m4:2270: AC_CACHE_CHECK is expanded from...
configure.ac:377: the top level
configure.ac:480: warning: The macro `AC_TRY_LINK' is obsolete.
configure.ac:480: You should run autoupdate.
./lib/autoconf/general.m4:2920: AC_TRY_LINK is expanded from...
lib/m4sugar/m4sh.m4:692: _AS_IF_ELSE is expanded from...
lib/m4sugar/m4sh.m4:699: AS_IF is expanded from...
./lib/autoconf/general.m4:2249: AC_CACHE_VAL is expanded from...
./lib/autoconf/general.m4:2270: AC_CACHE_CHECK is expanded from...
aclocal.m4:161: PKG_CHECK_MODULES is expanded from...
configure.ac:480: the top level
configure.ac:606: warning: The macro `AC_TRY_COMPILE' is obsolete.
configure.ac:606: You should run autoupdate.
./lib/autoconf/general.m4:2847: AC_TRY_COMPILE is expanded from...
lib/m4sugar/m4sh.m4:692: _AS_IF_ELSE is expanded from...
lib/m4sugar/m4sh.m4:699: AS_IF is expanded from...
./lib/autoconf/general.m4:2249: AC_CACHE_VAL is expanded from...
./lib/autoconf/general.m4:2270: AC_CACHE_CHECK is expanded from...
configure.ac:585: AC_HAVE_SASL_CALLBACK_FT is expanded from...
configure.ac:606: the top level
configure.ac:632: warning: The macro `AC_TRY_COMPILE' is obsolete.
configure.ac:632: You should run autoupdate.
./lib/autoconf/general.m4:2847: AC_TRY_COMPILE is expanded from...
lib/m4sugar/m4sh.m4:692: _AS_IF_ELSE is expanded from...
lib/m4sugar/m4sh.m4:699: AS_IF is expanded from...
./lib/autoconf/general.m4:2249: AC_CACHE_VAL is expanded from...
./lib/autoconf/general.m4:2270: AC_CACHE_CHECK is expanded from...
configure.ac:613: AC_C_DETECT_UINT64_SUPPORT is expanded from...
configure.ac:632: the top level
configure.ac:663: warning: The macro `AC_TRY_COMPILE' is obsolete.
configure.ac:663: You should run autoupdate.
./lib/autoconf/general.m4:2847: AC_TRY_COMPILE is expanded from...
lib/m4sugar/m4sh.m4:692: _AS_IF_ELSE is expanded from...
lib/m4sugar/m4sh.m4:699: AS_IF is expanded from...
./lib/autoconf/general.m4:2249: AC_CACHE_VAL is expanded from...
./lib/autoconf/general.m4:2270: AC_CACHE_CHECK is expanded from...
configure.ac:644: AC_C_SOCKLEN_T is expanded from...
configure.ac:663: the top level
configure.ac:693: warning: The macro `AC_TRY_LINK' is obsolete.
configure.ac:693: You should run autoupdate.
./lib/autoconf/general.m4:2920: AC_TRY_LINK is expanded from...
configure.ac:671: AC_C_HTONLL is expanded from...
configure.ac:693: the top level
configure.ac:767: warning: The macro `AC_TRY_LINK' is obsolete.
configure.ac:767: You should run autoupdate.
./lib/autoconf/general.m4:2920: AC_TRY_LINK is expanded from...
configure.ac:767: the top level
configure.ac:780: warning: The macro `AC_TRY_LINK' is obsolete.
configure.ac:780: You should run autoupdate.
./lib/autoconf/general.m4:2920: AC_TRY_LINK is expanded from...
configure.ac:780: the top level
aclocal...
autoheader...
automake...
configure.ac:10: installing './compile'
configure.ac:5: installing './config.guess'
configure.ac:5: installing './config.sub'
configure.ac:7: installing './install-sh'
configure.ac:7: installing './missing'
Makefile.am:60: warning: source file 'vendor/mcmc/mcmc.c' is in a subdirectory,
Makefile.am:60: but option 'subdir-objects' is disabled
automake: warning: possible forward-incompatibility.
automake: At least one source file is in a subdirectory, but the 'subdir-objects'
automake: automake option hasn't been enabled.  For now, the corresponding output
automake: object file(s) will be placed in the top-level directory.  However, this
automake: behavior may change in a future Automake major version, with object
automake: files being placed in the same subdirectory as the corresponding sources.
automake: You are advised to start using 'subdir-objects' option throughout your
automake: project, to avoid future incompatibilities.
Makefile.am: installing './depcomp'
autoconf...
configure.ac:8: warning: 'AM_CONFIG_HEADER': this macro is obsolete.
configure.ac:8: You should use the 'AC_CONFIG_HEADERS' macro instead.
./lib/autoconf/general.m4:2434: AC_DIAGNOSE is expanded from...
aclocal.m4:1089: AM_CONFIG_HEADER is expanded from...
configure.ac:8: the top level
configure.ac:190: warning: The macro `AC_TRY_COMPILE' is obsolete.
configure.ac:190: You should run autoupdate.
./lib/autoconf/general.m4:2847: AC_TRY_COMPILE is expanded from...
lib/m4sugar/m4sh.m4:692: _AS_IF_ELSE is expanded from...
lib/m4sugar/m4sh.m4:699: AS_IF is expanded from...
./lib/autoconf/general.m4:2249: AC_CACHE_VAL is expanded from...
./lib/autoconf/general.m4:2270: AC_CACHE_CHECK is expanded from...
configure.ac:147: AC_C_DETECT_SASL_CB_GETCONF is expanded from...
configure.ac:190: the top level
configure.ac:191: warning: The macro `AC_TRY_COMPILE' is obsolete.
configure.ac:191: You should run autoupdate.
./lib/autoconf/general.m4:2847: AC_TRY_COMPILE is expanded from...
lib/m4sugar/m4sh.m4:692: _AS_IF_ELSE is expanded from...
lib/m4sugar/m4sh.m4:699: AS_IF is expanded from...
./lib/autoconf/general.m4:2249: AC_CACHE_VAL is expanded from...
./lib/autoconf/general.m4:2270: AC_CACHE_CHECK is expanded from...
configure.ac:170: AC_C_DETECT_SASL_CB_GETCONFPATH is expanded from...
configure.ac:191: the top level
configure.ac:377: warning: The macro `AC_TRY_LINK' is obsolete.
configure.ac:377: You should run autoupdate.
./lib/autoconf/general.m4:2920: AC_TRY_LINK is expanded from...
lib/m4sugar/m4sh.m4:692: _AS_IF_ELSE is expanded from...
lib/m4sugar/m4sh.m4:699: AS_IF is expanded from...
./lib/autoconf/general.m4:2249: AC_CACHE_VAL is expanded from...
./lib/autoconf/general.m4:2270: AC_CACHE_CHECK is expanded from...
configure.ac:377: the top level
configure.ac:480: warning: The macro `AC_TRY_LINK' is obsolete.
configure.ac:480: You should run autoupdate.
./lib/autoconf/general.m4:2920: AC_TRY_LINK is expanded from...
lib/m4sugar/m4sh.m4:692: _AS_IF_ELSE is expanded from...
lib/m4sugar/m4sh.m4:699: AS_IF is expanded from...
./lib/autoconf/general.m4:2249: AC_CACHE_VAL is expanded from...
./lib/autoconf/general.m4:2270: AC_CACHE_CHECK is expanded from...
aclocal.m4:161: PKG_CHECK_MODULES is expanded from...
configure.ac:480: the top level
configure.ac:606: warning: The macro `AC_TRY_COMPILE' is obsolete.
configure.ac:606: You should run autoupdate.
./lib/autoconf/general.m4:2847: AC_TRY_COMPILE is expanded from...
lib/m4sugar/m4sh.m4:692: _AS_IF_ELSE is expanded from...
lib/m4sugar/m4sh.m4:699: AS_IF is expanded from...
./lib/autoconf/general.m4:2249: AC_CACHE_VAL is expanded from...
./lib/autoconf/general.m4:2270: AC_CACHE_CHECK is expanded from...
configure.ac:585: AC_HAVE_SASL_CALLBACK_FT is expanded from...
configure.ac:606: the top level
configure.ac:632: warning: The macro `AC_TRY_COMPILE' is obsolete.
configure.ac:632: You should run autoupdate.
./lib/autoconf/general.m4:2847: AC_TRY_COMPILE is expanded from...
lib/m4sugar/m4sh.m4:692: _AS_IF_ELSE is expanded from...
lib/m4sugar/m4sh.m4:699: AS_IF is expanded from...
./lib/autoconf/general.m4:2249: AC_CACHE_VAL is expanded from...
./lib/autoconf/general.m4:2270: AC_CACHE_CHECK is expanded from...
configure.ac:613: AC_C_DETECT_UINT64_SUPPORT is expanded from...
configure.ac:632: the top level
configure.ac:663: warning: The macro `AC_TRY_COMPILE' is obsolete.
configure.ac:663: You should run autoupdate.
./lib/autoconf/general.m4:2847: AC_TRY_COMPILE is expanded from...
lib/m4sugar/m4sh.m4:692: _AS_IF_ELSE is expanded from...
lib/m4sugar/m4sh.m4:699: AS_IF is expanded from...
./lib/autoconf/general.m4:2249: AC_CACHE_VAL is expanded from...
./lib/autoconf/general.m4:2270: AC_CACHE_CHECK is expanded from...
configure.ac:644: AC_C_SOCKLEN_T is expanded from...
configure.ac:663: the top level
configure.ac:693: warning: The macro `AC_TRY_LINK' is obsolete.
configure.ac:693: You should run autoupdate.
./lib/autoconf/general.m4:2920: AC_TRY_LINK is expanded from...
configure.ac:671: AC_C_HTONLL is expanded from...
configure.ac:693: the top level
configure.ac:767: warning: The macro `AC_TRY_LINK' is obsolete.
configure.ac:767: You should run autoupdate.
./lib/autoconf/general.m4:2920: AC_TRY_LINK is expanded from...
configure.ac:767: the top level
configure.ac:780: warning: The macro `AC_TRY_LINK' is obsolete.
configure.ac:780: You should run autoupdate.
./lib/autoconf/general.m4:2920: AC_TRY_LINK is expanded from...
configure.ac:780: the top level
