checking build system type... x86_64-pc-linux-gnu
checking host system type... x86_64-pc-linux-gnu
checking for a BSD-compatible install... /usr/bin/install -c
checking whether build environment is sane... yes
checking for a race-free mkdir -p... /usr/bin/mkdir -p
checking for gawk... no
checking for mawk... mawk
checking whether make sets $(MAKE)... yes
checking whether make supports nested variables... yes
checking for gcc... gcc
checking whether the C compiler works... yes
checking for C compiler default output file name... a.out
checking for suffix of executables... 
checking whether we are cross compiling... no
checking for suffix of object files... o
checking whether the compiler supports GNU C... yes
checking whether gcc accepts -g... yes
checking for gcc option to enable C11 features... none needed
checking whether gcc understands -c and -o together... yes
checking whether make supports the include directive... yes (GNU style)
checking dependency style of gcc... gcc3
checking how to run the C preprocessor... gcc -E
checking for grep that handles long lines and -e... /usr/bin/grep
checking for egrep... /usr/bin/grep -E
checking for icc in use... no
checking for clang in use... no
checking for gcc options needed to detect all undeclared functions... none needed
checking for stdio.h... yes
checking for stdlib.h... yes
checking for string.h... yes
checking for inttypes.h... yes
checking for stdint.h... yes
checking for strings.h... yes
checking for sys/stat.h... yes
checking for sys/types.h... yes
checking for unistd.h... yes
checking whether __SUNPRO_C is declared... no
checking for gcc option to accept ISO C99... none needed
checking for sasl/sasl.h... no
checking for gcov... /usr/bin/gcov
checking for main in -lgcov... yes
checking size of void *... 8
checking for library containing clock_gettime... none required
checking for library containing socket... none required
checking for library containing gethostbyname... none required
checking for libevent directory... (system)
checking for pkg-config... /usr/bin/pkg-config
checking pkg-config is at least version 0.9.0... yes
checking for library containing gethugepagesizes... no
checking for _Bool... yes
checking for stdbool.h that conforms to C99... yes
checking for inttypes.h... (cached) yes
checking for sys/auxv.h... yes
checking for sasl_callback_ft... no
checking for print macros for integers (C99 section 7.8.1)... yes
checking for an ANSI C-conforming const... yes
checking for socklen_t... yes
checking whether byte ordering is bigendian... no
checking for htonll... no
checking for library containing pthread_create... none required
checking for mlockall... yes
checking for getpagesizes... no
checking for sysconf... yes
checking for memcntl... no
checking for clock_gettime... yes
checking for preadv... yes
checking for pread... yes
checking for eventfd... yes
checking for pthread_setname_np... yes
checking for accept4... yes
checking for getopt_long... yes
checking for alignment... none
checking for GCC atomics... yes
checking for GCC 64bit atomics... yes
checking for setppriv... no
checking for pledge... no
checking for cap_enter... no
checking for sandbox_init... no
checking for xml2rfc... no
checking for xsltproc... no
checking that generated files are newer than configure... done
configure: creating ./config.status
config.status: creating Makefile
config.status: creating doc/Makefile
config.status: creating config.h
config.status: executing depfiles commands
checking build system type... x86_64-pc-linux-gnu
checking host system type... x86_64-pc-linux-gnu
checking for a BSD-compatible install... /usr/bin/install -c
checking whether build environment is sane... yes
checking for a race-free mkdir -p... /usr/bin/mkdir -p
checking for gawk... no
checking for mawk... mawk
checking whether make sets $(MAKE)... yes
checking whether make supports nested variables... yes
checking for gcc... gcc
checking whether the C compiler works... yes
checking for C compiler default output file name... a.out
checking for suffix of executables... 
checking whether we are cross compiling... no
checking for suffix of object files... o
checking whether the compiler supports GNU C... yes
checking whether gcc accepts -g... yes
checking for gcc option to enable C11 features... none needed
checking whether gcc understands -c and -o together... yes
checking whether make supports the include directive... yes (GNU style)
checking dependency style of gcc... gcc3
checking how to run the C preprocessor... gcc -E
checking for grep that handles long lines and -e... /usr/bin/grep
checking for egrep... /usr/bin/grep -E
checking for icc in use... no
checking for clang in use... no
checking for gcc options needed to detect all undeclared functions... none needed
checking for stdio.h... yes
checking for stdlib.h... yes
checking for string.h... yes
checking for inttypes.h... yes
checking for stdint.h... yes
checking for strings.h... yes
checking for sys/stat.h... yes
checking for sys/types.h... yes
checking for unistd.h... yes
checking whether __SUNPRO_C is declared... no
checking for gcc option to accept ISO C99... none needed
checking for sasl/sasl.h... no
checking for gcov... /usr/bin/gcov
checking for main in -lgcov... yes
checking size of void *... 8
checking for library containing clock_gettime... none required
checking for library containing socket... none required
checking for library containing gethostbyname... none required
checking for libevent directory... (system)
checking for pkg-config... /usr/bin/pkg-config
checking pkg-config is at least version 0.9.0... yes
checking for library containing gethugepagesizes... no
checking for _Bool... yes
checking for stdbool.h that conforms to C99... yes
checking for inttypes.h... (cached) yes
checking for sys/auxv.h... yes
checking for sasl_callback_ft... no
checking for print macros for integers (C99 section 7.8.1)... yes
checking for an ANSI C-conforming const... yes
checking for socklen_t... yes
checking whether byte ordering is bigendian... no
checking for htonll... no
checking for library containing pthread_create... none required
checking for mlockall... yes
checking for getpagesizes... no
checking for sysconf... yes
checking for memcntl... no
checking for clock_gettime... yes
checking for preadv... yes
checking for pread... yes
checking for eventfd... yes
checking for pthread_setname_np... yes
checking for accept4... yes
checking for getopt_long... yes
checking for alignment... none
checking for GCC atomics... yes
checking for GCC 64bit atomics... yes
checking for setppriv... no
checking for pledge... no
checking for cap_enter... no
checking for sandbox_init... no
checking for xml2rfc... no
checking for xsltproc... no
checking that generated files are newer than configure... done
configure: creating ./config.status
config.status: creating Makefile
config.status: creating doc/Makefile
config.status: creating config.h
config.status: executing depfiles commands
